<?xml version="1.0" encoding="UTF-8"?>
<testng-results ignored="0" total="1" passed="1" failed="0" skipped="0">
  <reporter-output>
  </reporter-output>
  <suite started-at="2025-09-24T18:31:27 IST" name="Default suite" finished-at="2025-09-24T18:36:57 IST" duration-ms="329545">
    <groups>
    </groups>
    <test started-at="2025-09-24T18:31:27 IST" name="Default test" finished-at="2025-09-24T18:36:57 IST" duration-ms="329545">
      <class name="Tests.DashboardTest">
        <test-method is-config="true" signature="setUp()[pri:0, instance:Tests.DashboardTest@1d296da]" started-at="2025-09-24T18:31:28 IST" name="setUp" finished-at="2025-09-24T18:36:51 IST" duration-ms="323539" status="PASS">
          <reporter-output>
          </reporter-output>
        </test-method> <!-- setUp -->
        <test-method signature="testDashboardElements()[pri:0, instance:Tests.DashboardTest@1d296da]" started-at="2025-09-24T18:36:51 IST" name="testDashboardElements" finished-at="2025-09-24T18:36:56 IST" duration-ms="5056" status="PASS">
          <reporter-output>
          </reporter-output>
        </test-method> <!-- testDashboardElements -->
        <test-method is-config="true" signature="tearDown()[pri:0, instance:Tests.DashboardTest@1d296da]" started-at="2025-09-24T18:36:56 IST" name="tearDown" finished-at="2025-09-24T18:36:57 IST" duration-ms="812" status="PASS">
          <reporter-output>
          </reporter-output>
        </test-method> <!-- tearDown -->
      </class> <!-- Tests.DashboardTest -->
    </test> <!-- Default test -->
  </suite> <!-- Default suite -->
</testng-results>
