<?xml version="1.0" encoding="UTF-8"?>
<testng-results ignored="0" total="1" passed="1" failed="0" skipped="0">
  <reporter-output>
  </reporter-output>
  <suite started-at="2025-09-23T18:07:21 IST" name="Default suite" finished-at="2025-09-23T18:08:03 IST" duration-ms="42390">
    <groups>
    </groups>
    <test started-at="2025-09-23T18:07:21 IST" name="Default test" finished-at="2025-09-23T18:08:03 IST" duration-ms="42390">
      <class name="Tests.DashboardTest">
        <test-method is-config="true" signature="setUp()[pri:0, instance:Tests.DashboardTest@1d296da]" started-at="2025-09-23T18:07:21 IST" name="setUp" finished-at="2025-09-23T18:07:53 IST" duration-ms="32146" status="PASS">
          <reporter-output>
          </reporter-output>
        </test-method> <!-- setUp -->
        <test-method signature="testDashboardElements()[pri:0, instance:Tests.DashboardTest@1d296da]" started-at="2025-09-23T18:07:53 IST" name="testDashboardElements" finished-at="2025-09-23T18:07:59 IST" duration-ms="5485" status="PASS">
          <reporter-output>
          </reporter-output>
        </test-method> <!-- testDashboardElements -->
        <test-method is-config="true" signature="tearDown()[pri:0, instance:Tests.DashboardTest@1d296da]" started-at="2025-09-23T18:07:59 IST" name="tearDown" finished-at="2025-09-23T18:08:03 IST" duration-ms="4566" status="PASS">
          <reporter-output>
          </reporter-output>
        </test-method> <!-- tearDown -->
      </class> <!-- Tests.DashboardTest -->
    </test> <!-- Default test -->
  </suite> <!-- Default suite -->
</testng-results>
